c:\users\pc\desktop\dbexist\kursproject\x64\debug\kursproject.pch
c:\users\pc\desktop\dbexist\kursproject\x64\debug\vc143.pdb
c:\users\pc\desktop\dbexist\kursproject\x64\debug\vc143.idb
c:\users\pc\desktop\dbexist\kursproject\x64\debug\pch.obj
c:\users\pc\desktop\dbexist\kursproject\x64\debug\tablet.obj
c:\users\pc\desktop\dbexist\kursproject\x64\debug\smartwatch.obj
c:\users\pc\desktop\dbexist\kursproject\x64\debug\smartphone.obj
c:\users\pc\desktop\dbexist\kursproject\x64\debug\product.obj
c:\users\pc\desktop\dbexist\kursproject\x64\debug\notebook.obj
c:\users\pc\desktop\dbexist\kursproject\x64\debug\kursproject.obj
c:\users\pc\desktop\dbexist\kursproject\x64\debug\dllmain.obj
c:\users\pc\desktop\dbexist\kursproject\x64\debug\db.obj
c:\users\pc\desktop\dbexist\bin\kursproject.dll
c:\users\pc\desktop\dbexist\bin\kursproject.pdb
c:\users\pc\desktop\dbexist\bin\kursproject.lib
c:\users\pc\desktop\dbexist\bin\kursproject.exp
c:\users\pc\desktop\dbexist\kursproject\x64\debug\kursproject.ilk
c:\users\pc\desktop\dbexist\kursproject\x64\debug\kursproject.tlog\cl.command.1.tlog
c:\users\pc\desktop\dbexist\kursproject\x64\debug\kursproject.tlog\cl.items.tlog
c:\users\pc\desktop\dbexist\kursproject\x64\debug\kursproject.tlog\cl.read.1.tlog
c:\users\pc\desktop\dbexist\kursproject\x64\debug\kursproject.tlog\cl.write.1.tlog
c:\users\pc\desktop\dbexist\kursproject\x64\debug\kursproject.tlog\link.command.1.tlog
c:\users\pc\desktop\dbexist\kursproject\x64\debug\kursproject.tlog\link.read.1.tlog
c:\users\pc\desktop\dbexist\kursproject\x64\debug\kursproject.tlog\link.secondary.1.tlog
c:\users\pc\desktop\dbexist\kursproject\x64\debug\kursproject.tlog\link.write.1.tlog
